2018-03-04 00:50:23,377 INFO o.a.j.u.JMeterUtils: Setting Locale to en_EN
2018-03-04 00:50:23,402 INFO o.a.j.JMeter: Loading user properties from: user.properties
2018-03-04 00:50:23,402 INFO o.a.j.JMeter: Loading system properties from: system.properties
2018-03-04 00:50:23,410 INFO o.a.j.JMeter: Copyright (c) 1998-2018 The Apache Software Foundation
2018-03-04 00:50:23,411 INFO o.a.j.JMeter: Version 4.0 r1823414
2018-03-04 00:50:23,411 INFO o.a.j.JMeter: java.version=1.8.0_131
2018-03-04 00:50:23,411 INFO o.a.j.JMeter: java.vm.name=Java HotSpot(TM) Client VM
2018-03-04 00:50:23,411 INFO o.a.j.JMeter: os.name=Windows 8.1
2018-03-04 00:50:23,411 INFO o.a.j.JMeter: os.arch=x86
2018-03-04 00:50:23,411 INFO o.a.j.JMeter: os.version=6.3
2018-03-04 00:50:23,412 INFO o.a.j.JMeter: file.encoding=Cp1252
2018-03-04 00:50:23,412 INFO o.a.j.JMeter: Max memory     =1073741824
2018-03-04 00:50:23,412 INFO o.a.j.JMeter: Available Processors =4
2018-03-04 00:50:23,418 INFO o.a.j.JMeter: Default Locale=English (EN)
2018-03-04 00:50:23,419 INFO o.a.j.JMeter: JMeter  Locale=English (EN)
2018-03-04 00:50:23,419 INFO o.a.j.JMeter: JMeterHome=C:\Users\Krishna-pc\Downloads\apache-jmeter-4.0\apache-jmeter-4.0
2018-03-04 00:50:23,419 INFO o.a.j.JMeter: user.dir  =C:\Users\Krishna-pc\Downloads\apache-jmeter-4.0\apache-jmeter-4.0\bin
2018-03-04 00:50:23,419 INFO o.a.j.JMeter: PWD       =C:\Users\Krishna-pc\Downloads\apache-jmeter-4.0\apache-jmeter-4.0\bin
2018-03-04 00:50:23,421 INFO o.a.j.JMeter: IP: 192.168.43.97 Name: Krishna FullName: Krishna
2018-03-04 00:50:23,438 INFO o.a.j.r.RmiUtils: System property 'java.rmi.server.hostname' is not defined, using localHost address
2018-03-04 00:50:23,438 INFO o.a.j.r.RmiUtils: Local IP address=192.168.43.97
2018-03-04 00:50:23,562 ERROR o.a.j.JMeter: Giving up, as server failed with:
java.rmi.server.ExportException: Listen failed on port: 0; nested exception is: 
	java.io.FileNotFoundException: rmi_keystore.jks (The system cannot find the file specified)
	at sun.rmi.transport.tcp.TCPTransport.listen(Unknown Source) ~[?:1.8.0_131]
	at sun.rmi.transport.tcp.TCPTransport.exportObject(Unknown Source) ~[?:1.8.0_131]
	at sun.rmi.transport.tcp.TCPEndpoint.exportObject(Unknown Source) ~[?:1.8.0_131]
	at sun.rmi.transport.LiveRef.exportObject(Unknown Source) ~[?:1.8.0_131]
	at sun.rmi.server.UnicastServerRef.exportObject(Unknown Source) ~[?:1.8.0_131]
	at java.rmi.server.UnicastRemoteObject.exportObject(Unknown Source) ~[?:1.8.0_131]
	at java.rmi.server.UnicastRemoteObject.exportObject(Unknown Source) ~[?:1.8.0_131]
	at java.rmi.server.UnicastRemoteObject.<init>(Unknown Source) ~[?:1.8.0_131]
	at org.apache.jmeter.engine.RemoteJMeterEngineImpl.<init>(RemoteJMeterEngineImpl.java:65) ~[ApacheJMeter_core.jar:4.0 r1823414]
	at org.apache.jmeter.engine.RemoteJMeterEngineImpl.startServer(RemoteJMeterEngineImpl.java:71) ~[ApacheJMeter_core.jar:4.0 r1823414]
	at org.apache.jmeter.JMeter.start(JMeter.java:501) [ApacheJMeter_core.jar:4.0 r1823414]
	at sun.reflect.NativeMethodAccessorImpl.invoke0(Native Method) ~[?:1.8.0_131]
	at sun.reflect.NativeMethodAccessorImpl.invoke(Unknown Source) ~[?:1.8.0_131]
	at sun.reflect.DelegatingMethodAccessorImpl.invoke(Unknown Source) ~[?:1.8.0_131]
	at java.lang.reflect.Method.invoke(Unknown Source) ~[?:1.8.0_131]
	at org.apache.jmeter.NewDriver.main(NewDriver.java:245) [ApacheJMeter.jar:4.0 r1823414]
Caused by: java.io.FileNotFoundException: rmi_keystore.jks (The system cannot find the file specified)
	at java.io.FileInputStream.open0(Native Method) ~[?:1.8.0_131]
	at java.io.FileInputStream.open(Unknown Source) ~[?:1.8.0_131]
	at java.io.FileInputStream.<init>(Unknown Source) ~[?:1.8.0_131]
	at java.io.FileInputStream.<init>(Unknown Source) ~[?:1.8.0_131]
	at org.apache.jmeter.rmi.SSLRMIServerSocketFactory.loadStore(SSLRMIServerSocketFactory.java:148) ~[ApacheJMeter_core.jar:4.0 r1823414]
	at org.apache.jmeter.rmi.SSLRMIServerSocketFactory.createServerSocket(SSLRMIServerSocketFactory.java:100) ~[ApacheJMeter_core.jar:4.0 r1823414]
	at sun.rmi.transport.tcp.TCPEndpoint.newServerSocket(Unknown Source) ~[?:1.8.0_131]
	... 16 more
2018-03-04 00:50:23,568 ERROR o.a.j.JMeter: An error occurred: 
java.rmi.server.ExportException: Listen failed on port: 0; nested exception is: 
	java.io.FileNotFoundException: rmi_keystore.jks (The system cannot find the file specified)
	at sun.rmi.transport.tcp.TCPTransport.listen(Unknown Source) ~[?:1.8.0_131]
	at sun.rmi.transport.tcp.TCPTransport.exportObject(Unknown Source) ~[?:1.8.0_131]
	at sun.rmi.transport.tcp.TCPEndpoint.exportObject(Unknown Source) ~[?:1.8.0_131]
	at sun.rmi.transport.LiveRef.exportObject(Unknown Source) ~[?:1.8.0_131]
	at sun.rmi.server.UnicastServerRef.exportObject(Unknown Source) ~[?:1.8.0_131]
	at java.rmi.server.UnicastRemoteObject.exportObject(Unknown Source) ~[?:1.8.0_131]
	at java.rmi.server.UnicastRemoteObject.exportObject(Unknown Source) ~[?:1.8.0_131]
	at java.rmi.server.UnicastRemoteObject.<init>(Unknown Source) ~[?:1.8.0_131]
	at org.apache.jmeter.engine.RemoteJMeterEngineImpl.<init>(RemoteJMeterEngineImpl.java:65) ~[ApacheJMeter_core.jar:4.0 r1823414]
	at org.apache.jmeter.engine.RemoteJMeterEngineImpl.startServer(RemoteJMeterEngineImpl.java:71) ~[ApacheJMeter_core.jar:4.0 r1823414]
	at org.apache.jmeter.JMeter.start(JMeter.java:501) [ApacheJMeter_core.jar:4.0 r1823414]
	at sun.reflect.NativeMethodAccessorImpl.invoke0(Native Method) ~[?:1.8.0_131]
	at sun.reflect.NativeMethodAccessorImpl.invoke(Unknown Source) ~[?:1.8.0_131]
	at sun.reflect.DelegatingMethodAccessorImpl.invoke(Unknown Source) ~[?:1.8.0_131]
	at java.lang.reflect.Method.invoke(Unknown Source) ~[?:1.8.0_131]
	at org.apache.jmeter.NewDriver.main(NewDriver.java:245) [ApacheJMeter.jar:4.0 r1823414]
Caused by: java.io.FileNotFoundException: rmi_keystore.jks (The system cannot find the file specified)
	at java.io.FileInputStream.open0(Native Method) ~[?:1.8.0_131]
	at java.io.FileInputStream.open(Unknown Source) ~[?:1.8.0_131]
	at java.io.FileInputStream.<init>(Unknown Source) ~[?:1.8.0_131]
	at java.io.FileInputStream.<init>(Unknown Source) ~[?:1.8.0_131]
	at org.apache.jmeter.rmi.SSLRMIServerSocketFactory.loadStore(SSLRMIServerSocketFactory.java:148) ~[ApacheJMeter_core.jar:4.0 r1823414]
	at org.apache.jmeter.rmi.SSLRMIServerSocketFactory.createServerSocket(SSLRMIServerSocketFactory.java:100) ~[ApacheJMeter_core.jar:4.0 r1823414]
	at sun.rmi.transport.tcp.TCPEndpoint.newServerSocket(Unknown Source) ~[?:1.8.0_131]
	... 16 more
